{"contracts/NftMarketplace.sol":{"l":{"52":14,"53":14,"54":1,"56":13,"64":19,"65":19,"66":19,"67":3,"69":16,"73":9,"74":9,"75":3,"77":6,"103":12,"104":1,"108":11,"109":11,"110":1,"112":10,"113":10,"122":4,"123":4,"124":1,"131":3,"132":3,"133":3,"135":3,"143":1,"144":1,"152":1,"153":1,"157":3,"158":3,"159":3,"160":1,"162":2,"163":2,"164":2,"165":2,"178":2,"182":2},"path":"/home/mikey/hardhat-nft-marketplace/contracts/NftMarketplace.sol","s":{"1":14,"2":14,"3":19,"4":19,"5":19,"6":9,"7":9,"8":12,"9":11,"10":11,"11":10,"12":10,"13":4,"14":4,"15":3,"16":3,"17":3,"18":1,"19":1,"20":1,"21":3,"22":3,"23":3,"24":2,"25":2,"26":2,"27":2,"28":2},"b":{"1":[1,13],"2":[3,16],"3":[3,6],"4":[1,11],"5":[1,10],"6":[1,3],"7":[1,2],"8":[2,0]},"f":{"1":14,"2":19,"3":9,"4":12,"5":4,"6":1,"7":1,"8":3,"9":2,"10":2},"fnMap":{"1":{"name":"notListed","line":47,"loc":{"start":{"line":47,"column":4},"end":{"line":57,"column":4}}},"2":{"name":"isOwner","line":59,"loc":{"start":{"line":59,"column":4},"end":{"line":70,"column":4}}},"3":{"name":"isListed","line":72,"loc":{"start":{"line":72,"column":4},"end":{"line":78,"column":4}}},"4":{"name":"listItem","line":101,"loc":{"start":{"line":92,"column":4},"end":{"line":114,"column":4}}},"5":{"name":"buyItem","line":120,"loc":{"start":{"line":116,"column":4},"end":{"line":136,"column":4}}},"6":{"name":"cancelListing","line":141,"loc":{"start":{"line":138,"column":4},"end":{"line":145,"column":4}}},"7":{"name":"updateListing","line":151,"loc":{"start":{"line":147,"column":4},"end":{"line":154,"column":4}}},"8":{"name":"withdrawProceeds","line":156,"loc":{"start":{"line":156,"column":4},"end":{"line":167,"column":4}}},"9":{"name":"getListing","line":173,"loc":{"start":{"line":173,"column":4},"end":{"line":179,"column":4}}},"10":{"name":"getProceeds","line":181,"loc":{"start":{"line":181,"column":4},"end":{"line":183,"column":4}}}},"statementMap":{"1":{"start":{"line":52,"column":8},"end":{"line":52,"column":64}},"2":{"start":{"line":53,"column":8},"end":{"line":53,"column":1630}},"3":{"start":{"line":64,"column":8},"end":{"line":64,"column":41}},"4":{"start":{"line":65,"column":8},"end":{"line":65,"column":44}},"5":{"start":{"line":66,"column":8},"end":{"line":66,"column":1958}},"6":{"start":{"line":73,"column":8},"end":{"line":73,"column":64}},"7":{"start":{"line":74,"column":8},"end":{"line":74,"column":2192}},"8":{"start":{"line":103,"column":8},"end":{"line":103,"column":3171}},"9":{"start":{"line":108,"column":8},"end":{"line":108,"column":41}},"10":{"start":{"line":109,"column":8},"end":{"line":109,"column":3424}},"11":{"start":{"line":112,"column":8},"end":{"line":112,"column":67}},"12":{"start":{"line":113,"column":8},"end":{"line":113,"column":63}},"13":{"start":{"line":122,"column":8},"end":{"line":122,"column":67}},"14":{"start":{"line":123,"column":8},"end":{"line":123,"column":3922}},"15":{"start":{"line":131,"column":8},"end":{"line":131,"column":80}},"16":{"start":{"line":133,"column":8},"end":{"line":133,"column":83}},"17":{"start":{"line":135,"column":8},"end":{"line":135,"column":74}},"18":{"start":{"line":144,"column":8},"end":{"line":144,"column":58}},"19":{"start":{"line":152,"column":8},"end":{"line":152,"column":55}},"20":{"start":{"line":153,"column":8},"end":{"line":153,"column":66}},"21":{"start":{"line":157,"column":8},"end":{"line":157,"column":28}},"22":{"start":{"line":158,"column":8},"end":{"line":158,"column":49}},"23":{"start":{"line":159,"column":8},"end":{"line":159,"column":5391}},"24":{"start":{"line":162,"column":8},"end":{"line":162,"column":33}},"25":{"start":{"line":163,"column":8},"end":{"line":163,"column":69}},"26":{"start":{"line":164,"column":8},"end":{"line":164,"column":5586}},"27":{"start":{"line":178,"column":8},"end":{"line":178,"column":46}},"28":{"start":{"line":182,"column":8},"end":{"line":182,"column":33}}},"branchMap":{"1":{"line":53,"type":"if","locations":[{"start":{"line":53,"column":8},"end":{"line":53,"column":8}},{"start":{"line":53,"column":8},"end":{"line":53,"column":8}}]},"2":{"line":66,"type":"if","locations":[{"start":{"line":66,"column":8},"end":{"line":66,"column":8}},{"start":{"line":66,"column":8},"end":{"line":66,"column":8}}]},"3":{"line":74,"type":"if","locations":[{"start":{"line":74,"column":8},"end":{"line":74,"column":8}},{"start":{"line":74,"column":8},"end":{"line":74,"column":8}}]},"4":{"line":103,"type":"if","locations":[{"start":{"line":103,"column":8},"end":{"line":103,"column":8}},{"start":{"line":103,"column":8},"end":{"line":103,"column":8}}]},"5":{"line":109,"type":"if","locations":[{"start":{"line":109,"column":8},"end":{"line":109,"column":8}},{"start":{"line":109,"column":8},"end":{"line":109,"column":8}}]},"6":{"line":123,"type":"if","locations":[{"start":{"line":123,"column":8},"end":{"line":123,"column":8}},{"start":{"line":123,"column":8},"end":{"line":123,"column":8}}]},"7":{"line":159,"type":"if","locations":[{"start":{"line":159,"column":8},"end":{"line":159,"column":8}},{"start":{"line":159,"column":8},"end":{"line":159,"column":8}}]},"8":{"line":164,"type":"if","locations":[{"start":{"line":164,"column":8},"end":{"line":164,"column":8}},{"start":{"line":164,"column":8},"end":{"line":164,"column":8}}]}}},"contracts/test/BasicNft.sol":{"l":{"14":3,"18":17,"19":17,"20":17,"24":0,"25":0,"29":0},"path":"/home/mikey/hardhat-nft-marketplace/contracts/test/BasicNft.sol","s":{"1":3,"2":17,"3":17,"4":17,"5":0,"6":0,"7":0},"b":{"1":[0,0]},"f":{"1":3,"2":17,"3":0,"4":0},"fnMap":{"1":{"name":"constructor","line":13,"loc":{"start":{"line":13,"column":4},"end":{"line":15,"column":4}}},"2":{"name":"mintNft","line":17,"loc":{"start":{"line":17,"column":4},"end":{"line":21,"column":4}}},"3":{"name":"tokenURI","line":23,"loc":{"start":{"line":23,"column":4},"end":{"line":26,"column":4}}},"4":{"name":"getTokenCounter","line":28,"loc":{"start":{"line":28,"column":4},"end":{"line":30,"column":4}}}},"statementMap":{"1":{"start":{"line":14,"column":8},"end":{"line":14,"column":25}},"2":{"start":{"line":18,"column":8},"end":{"line":18,"column":44}},"3":{"start":{"line":19,"column":8},"end":{"line":19,"column":38}},"4":{"start":{"line":20,"column":8},"end":{"line":20,"column":42}},"5":{"start":{"line":24,"column":8},"end":{"line":24,"column":83}},"6":{"start":{"line":25,"column":8},"end":{"line":25,"column":24}},"7":{"start":{"line":29,"column":8},"end":{"line":29,"column":29}}},"branchMap":{"1":{"line":24,"type":"if","locations":[{"start":{"line":24,"column":8},"end":{"line":24,"column":8}},{"start":{"line":24,"column":8},"end":{"line":24,"column":8}}]}}}}