TN:
SF:/home/mikey/hardhat-nft-marketplace/contracts/NftMarketplace.sol
FN:47,notListed
FN:59,isOwner
FN:72,isListed
FN:101,listItem
FN:120,buyItem
FN:141,cancelListing
FN:151,updateListing
FN:156,withdrawProceeds
FN:173,getListing
FN:181,getProceeds
FNF:10
FNH:10
FNDA:14,notListed
FNDA:19,isOwner
FNDA:9,isListed
FNDA:12,listItem
FNDA:4,buyItem
FNDA:1,cancelListing
FNDA:1,updateListing
FNDA:3,withdrawProceeds
FNDA:2,getListing
FNDA:2,getProceeds
DA:52,14
DA:53,14
DA:54,1
DA:56,13
DA:64,19
DA:65,19
DA:66,19
DA:67,3
DA:69,16
DA:73,9
DA:74,9
DA:75,3
DA:77,6
DA:103,12
DA:104,1
DA:108,11
DA:109,11
DA:110,1
DA:112,10
DA:113,10
DA:122,4
DA:123,4
DA:124,1
DA:131,3
DA:132,3
DA:133,3
DA:135,3
DA:143,1
DA:144,1
DA:152,1
DA:153,1
DA:157,3
DA:158,3
DA:159,3
DA:160,1
DA:162,2
DA:163,2
DA:164,2
DA:165,2
DA:178,2
DA:182,2
LF:41
LH:41
BRDA:53,1,0,1
BRDA:53,1,1,13
BRDA:66,2,0,3
BRDA:66,2,1,16
BRDA:74,3,0,3
BRDA:74,3,1,6
BRDA:103,4,0,1
BRDA:103,4,1,11
BRDA:109,5,0,1
BRDA:109,5,1,10
BRDA:123,6,0,1
BRDA:123,6,1,3
BRDA:159,7,0,1
BRDA:159,7,1,2
BRDA:164,8,0,2
BRDA:164,8,1,0
BRF:16
BRH:15
end_of_record
TN:
SF:/home/mikey/hardhat-nft-marketplace/contracts/test/BasicNft.sol
FN:13,constructor
FN:17,mintNft
FN:23,tokenURI
FN:28,getTokenCounter
FNF:4
FNH:2
FNDA:3,constructor
FNDA:17,mintNft
FNDA:0,tokenURI
FNDA:0,getTokenCounter
DA:14,3
DA:18,17
DA:19,17
DA:20,17
DA:24,0
DA:25,0
DA:29,0
LF:7
LH:4
BRDA:24,1,0,0
BRDA:24,1,1,0
BRF:2
BRH:0
end_of_record
